<?xml version="1.0" ?>
<coverage branch-rate="0.9184" branches-covered="90" branches-valid="98" complexity="0" line-rate="0.9313" lines-covered="298" lines-valid="320" timestamp="1530960863852" version="4.5.1">
	<!-- Generated by coverage.py: https://coverage.readthedocs.io -->
	<!-- Based on https://raw.githubusercontent.com/cobertura/web/master/htdocs/xml/coverage-04.dtd -->
	<sources>
		<source>/home/jcfr/Projects/scikit-ci</source>
	</sources>
	<packages>
		<package branch-rate="0.9184" complexity="0" line-rate="0.9313" name="ci">
			<classes>
				<class branch-rate="1" complexity="0" filename="ci/__init__.py" line-rate="1" name="__init__.py">
					<methods/>
					<lines>
						<line hits="1" number="3"/>
						<line hits="1" number="8"/>
						<line hits="1" number="9"/>
						<line hits="1" number="10"/>
						<line hits="1" number="11"/>
						<line hits="1" number="13"/>
						<line hits="1" number="14"/>
						<line hits="1" number="15"/>
						<line hits="1" number="16"/>
						<line hits="1" number="18"/>
					</lines>
				</class>
				<class branch-rate="1" complexity="0" filename="ci/constants.py" line-rate="1" name="constants.py">
					<methods/>
					<lines>
						<line hits="1" number="3"/>
						<line hits="1" number="6"/>
						<line hits="1" number="21"/>
						<line hits="1" number="27"/>
						<line hits="1" number="35"/>
					</lines>
				</class>
				<class branch-rate="0.9222" complexity="0" filename="ci/driver.py" line-rate="0.9236" name="driver.py">
					<methods/>
					<lines>
						<line hits="1" number="3"/>
						<line hits="1" number="6"/>
						<line hits="1" number="7"/>
						<line hits="1" number="8"/>
						<line hits="1" number="9"/>
						<line hits="1" number="10"/>
						<line hits="1" number="11"/>
						<line hits="1" number="12"/>
						<line hits="1" number="13"/>
						<line hits="1" number="14"/>
						<line hits="1" number="15"/>
						<line hits="1" number="17"/>
						<line hits="1" number="18"/>
						<line hits="1" number="19"/>
						<line hits="1" number="20"/>
						<line hits="1" number="22"/>
						<line hits="1" number="24"/>
						<line hits="1" number="25"/>
						<line hits="1" number="28"/>
						<line hits="1" number="29"/>
						<line hits="1" number="30"/>
						<line hits="1" number="31"/>
						<line hits="1" number="33"/>
						<line hits="1" number="34"/>
						<line hits="1" number="35"/>
						<line hits="1" number="37"/>
						<line branch="true" condition-coverage="100% (2/2)" hits="1" number="38"/>
						<line hits="1" number="39"/>
						<line hits="1" number="41"/>
						<line hits="1" number="44"/>
						<line hits="1" number="45"/>
						<line hits="1" number="46"/>
						<line hits="1" number="47"/>
						<line hits="1" number="49"/>
						<line hits="1" number="51"/>
						<line hits="1" number="52"/>
						<line hits="1" number="54"/>
						<line hits="1" number="55"/>
						<line branch="true" condition-coverage="100% (2/2)" hits="1" number="56"/>
						<line hits="1" number="57"/>
						<line hits="1" number="58"/>
						<line hits="1" number="59"/>
						<line hits="1" number="61"/>
						<line branch="true" condition-coverage="50% (1/2)" hits="1" missing-branches="63" number="62"/>
						<line hits="0" number="63"/>
						<line hits="1" number="65"/>
						<line hits="1" number="66"/>
						<line hits="1" number="67"/>
						<line branch="true" condition-coverage="100% (2/2)" hits="1" number="69"/>
						<line hits="1" number="70"/>
						<line branch="true" condition-coverage="100% (2/2)" hits="1" number="72"/>
						<line hits="1" number="74"/>
						<line hits="1" number="75"/>
						<line hits="1" number="76"/>
						<line hits="1" number="77"/>
						<line hits="1" number="79"/>
						<line hits="1" number="80"/>
						<line branch="true" condition-coverage="50% (1/2)" hits="1" missing-branches="84" number="82"/>
						<line hits="0" number="84"/>
						<line hits="0" number="85"/>
						<line hits="0" number="86"/>
						<line hits="0" number="87"/>
						<line hits="0" number="88"/>
						<line hits="0" number="89"/>
						<line hits="0" number="90"/>
						<line hits="0" number="91"/>
						<line hits="0" number="93"/>
						<line hits="0" number="95"/>
						<line hits="0" number="97"/>
						<line hits="0" number="99"/>
						<line hits="1" number="103"/>
						<line hits="1" number="104"/>
						<line hits="1" number="105"/>
						<line hits="1" number="106"/>
						<line hits="1" number="107"/>
						<line hits="1" number="108"/>
						<line hits="1" number="109"/>
						<line hits="1" number="110"/>
						<line hits="1" number="112"/>
						<line hits="1" number="114"/>
						<line hits="1" number="116"/>
						<line hits="1" number="118"/>
						<line hits="1" number="120"/>
						<line hits="1" number="121"/>
						<line hits="1" number="122"/>
						<line hits="1" number="123"/>
						<line hits="1" number="124"/>
						<line hits="1" number="125"/>
						<line hits="1" number="126"/>
						<line hits="1" number="127"/>
						<line hits="1" number="129"/>
						<line hits="1" number="131"/>
						<line hits="1" number="133"/>
						<line hits="1" number="135"/>
						<line hits="1" number="137"/>
						<line branch="true" condition-coverage="100% (2/2)" hits="1" number="139"/>
						<line hits="1" number="140"/>
						<line hits="1" number="142"/>
						<line hits="1" number="144"/>
						<line hits="1" number="145"/>
						<line hits="1" number="146"/>
						<line hits="1" number="147"/>
						<line hits="1" number="148"/>
						<line branch="true" condition-coverage="50% (1/2)" hits="1" missing-branches="191" number="149"/>
						<line hits="1" number="150"/>
						<line hits="1" number="151"/>
						<line branch="true" condition-coverage="100% (2/2)" hits="1" number="152"/>
						<line hits="1" number="153"/>
						<line hits="1" number="156"/>
						<line hits="1" number="157"/>
						<line branch="true" condition-coverage="100% (2/2)" hits="1" number="158"/>
						<line hits="1" number="160"/>
						<line hits="1" number="162"/>
						<line hits="1" number="163"/>
						<line hits="1" number="167"/>
						<line hits="1" number="168"/>
						<line hits="1" number="171"/>
						<line hits="1" number="173"/>
						<line hits="1" number="175"/>
						<line hits="1" number="176"/>
						<line hits="1" number="179"/>
						<line hits="1" number="180"/>
						<line hits="1" number="181"/>
						<line branch="true" condition-coverage="100% (2/2)" hits="1" number="182"/>
						<line branch="true" condition-coverage="100% (2/2)" hits="1" number="183"/>
						<line hits="1" number="184"/>
						<line hits="1" number="186"/>
						<line hits="1" number="188"/>
						<line hits="1" number="189"/>
						<line hits="0" number="191"/>
						<line hits="0" number="192"/>
						<line hits="0" number="193"/>
						<line hits="0" number="194"/>
						<line hits="0" number="195"/>
						<line hits="0" number="196"/>
						<line hits="1" number="198"/>
						<line hits="1" number="199"/>
						<line hits="1" number="201"/>
						<line hits="1" number="202"/>
						<line branch="true" condition-coverage="100% (2/2)" hits="1" number="211"/>
						<line hits="1" number="212"/>
						<line branch="true" condition-coverage="100% (2/2)" hits="1" number="215"/>
						<line hits="1" number="216"/>
						<line hits="1" number="217"/>
						<line hits="1" number="219"/>
						<line hits="1" number="223"/>
						<line hits="1" number="224"/>
						<line branch="true" condition-coverage="50% (1/2)" hits="1" missing-branches="231" number="230"/>
						<line hits="0" number="231"/>
						<line hits="1" number="234"/>
						<line hits="1" number="236"/>
						<line branch="true" condition-coverage="100% (2/2)" hits="1" number="237"/>
						<line hits="1" number="238"/>
						<line branch="true" condition-coverage="100% (2/2)" hits="1" number="239"/>
						<line hits="1" number="241"/>
						<line hits="1" number="244"/>
						<line branch="true" condition-coverage="100% (2/2)" hits="1" number="248"/>
						<line hits="1" number="249"/>
						<line branch="true" condition-coverage="100% (2/2)" hits="1" number="250"/>
						<line hits="1" number="251"/>
						<line hits="1" number="254"/>
						<line hits="1" number="255"/>
						<line hits="1" number="258"/>
						<line hits="1" number="261"/>
						<line branch="true" condition-coverage="100% (2/2)" hits="1" number="262"/>
						<line hits="1" number="263"/>
						<line branch="true" condition-coverage="50% (1/2)" hits="1" missing-branches="266" number="264"/>
						<line hits="1" number="265"/>
						<line hits="0" number="266"/>
						<line branch="true" condition-coverage="100% (2/2)" hits="1" number="269"/>
						<line hits="1" number="270"/>
						<line hits="1" number="272"/>
						<line hits="1" number="273"/>
						<line branch="true" condition-coverage="100% (2/2)" hits="1" number="287"/>
						<line hits="1" number="288"/>
						<line hits="1" number="293"/>
						<line hits="1" number="295"/>
						<line hits="1" number="296"/>
						<line branch="true" condition-coverage="50% (1/2)" hits="1" missing-branches="301" number="297"/>
						<line branch="true" condition-coverage="100% (2/2)" hits="1" number="298"/>
						<line hits="1" number="299"/>
						<line hits="1" number="300"/>
						<line hits="1" number="301"/>
						<line hits="1" number="303"/>
						<line branch="true" condition-coverage="100% (2/2)" hits="1" number="306"/>
						<line branch="true" condition-coverage="100% (2/2)" hits="1" number="307"/>
						<line hits="1" number="308"/>
						<line hits="1" number="309"/>
						<line hits="1" number="310"/>
						<line hits="1" number="311"/>
						<line hits="1" number="312"/>
						<line hits="1" number="313"/>
						<line branch="true" condition-coverage="100% (2/2)" hits="1" number="314"/>
						<line hits="1" number="315"/>
						<line branch="true" condition-coverage="100% (2/2)" hits="1" number="316"/>
						<line hits="1" number="317"/>
						<line hits="1" number="319"/>
						<line hits="1" number="321"/>
						<line hits="1" number="323"/>
						<line hits="1" number="325"/>
						<line branch="true" condition-coverage="100% (2/2)" hits="1" number="328"/>
						<line hits="1" number="329"/>
						<line hits="1" number="333"/>
						<line hits="1" number="335"/>
						<line hits="1" number="336"/>
						<line hits="1" number="338"/>
						<line hits="1" number="339"/>
						<line branch="true" condition-coverage="100% (2/2)" hits="1" number="341"/>
						<line hits="1" number="342"/>
						<line hits="1" number="345"/>
						<line hits="1" number="346"/>
						<line hits="1" number="349"/>
						<line hits="1" number="352"/>
						<line branch="true" condition-coverage="100% (2/2)" hits="1" number="354"/>
						<line hits="1" number="355"/>
						<line branch="true" condition-coverage="100% (2/2)" hits="1" number="358"/>
						<line hits="1" number="359"/>
						<line hits="1" number="360"/>
						<line hits="1" number="363"/>
						<line hits="1" number="366"/>
						<line hits="1" number="369"/>
						<line hits="1" number="373"/>
						<line hits="1" number="376"/>
						<line hits="1" number="378"/>
						<line hits="1" number="380"/>
						<line hits="1" number="382"/>
						<line hits="1" number="384"/>
						<line hits="1" number="386"/>
						<line hits="1" number="388"/>
						<line branch="true" condition-coverage="100% (2/2)" hits="1" number="392"/>
						<line hits="1" number="393"/>
						<line branch="true" condition-coverage="100% (2/2)" hits="1" number="394"/>
						<line hits="1" number="395"/>
						<line hits="1" number="396"/>
						<line branch="true" condition-coverage="100% (2/2)" hits="1" number="398"/>
						<line hits="1" number="399"/>
						<line branch="true" condition-coverage="100% (2/2)" hits="1" number="400"/>
						<line hits="1" number="403"/>
						<line hits="1" number="404"/>
						<line hits="1" number="405"/>
						<line hits="1" number="406"/>
						<line hits="1" number="407"/>
						<line hits="1" number="409"/>
						<line hits="1" number="413"/>
						<line hits="1" number="414"/>
						<line hits="1" number="416"/>
						<line hits="1" number="417"/>
						<line hits="1" number="421"/>
						<line hits="1" number="422"/>
						<line hits="1" number="427"/>
						<line hits="1" number="430"/>
						<line branch="true" condition-coverage="100% (2/2)" hits="1" number="431"/>
						<line hits="1" number="432"/>
						<line hits="1" number="433"/>
						<line hits="1" number="436"/>
						<line branch="true" condition-coverage="100% (2/2)" hits="1" number="445"/>
						<line hits="1" number="446"/>
						<line hits="1" number="448"/>
						<line branch="true" condition-coverage="100% (2/2)" hits="1" number="451"/>
						<line hits="1" number="452"/>
						<line hits="1" number="453"/>
						<line branch="true" condition-coverage="100% (2/2)" hits="1" number="454"/>
						<line hits="1" number="455"/>
						<line branch="true" condition-coverage="100% (2/2)" hits="1" number="456"/>
						<line branch="true" condition-coverage="50% (1/2)" hits="1" missing-branches="456" number="457"/>
						<line hits="1" number="458"/>
						<line hits="1" number="459"/>
						<line branch="true" condition-coverage="100% (2/2)" hits="1" number="462"/>
						<line hits="1" number="463"/>
						<line branch="true" condition-coverage="100% (2/2)" hits="1" number="466"/>
						<line hits="1" number="467"/>
						<line hits="1" number="469"/>
						<line hits="1" number="470"/>
						<line hits="1" number="471"/>
						<line hits="1" number="472"/>
					</lines>
				</class>
				<class branch-rate="1" complexity="0" filename="ci/exceptions.py" line-rate="0.9167" name="exceptions.py">
					<methods/>
					<lines>
						<line hits="1" number="5"/>
						<line hits="1" number="6"/>
						<line hits="1" number="9"/>
						<line hits="1" number="12"/>
						<line hits="1" number="15"/>
						<line hits="1" number="18"/>
						<line hits="1" number="19"/>
						<line hits="1" number="20"/>
						<line hits="1" number="21"/>
						<line hits="1" number="22"/>
						<line hits="1" number="24"/>
						<line hits="0" number="25"/>
					</lines>
				</class>
				<class branch-rate="0.875" complexity="0" filename="ci/utils.py" line-rate="1" name="utils.py">
					<methods/>
					<lines>
						<line hits="1" number="3"/>
						<line hits="1" number="5"/>
						<line hits="1" number="7"/>
						<line hits="1" number="10"/>
						<line branch="true" condition-coverage="100% (2/2)" hits="1" number="11"/>
						<line branch="true" condition-coverage="100% (2/2)" hits="1" number="12"/>
						<line hits="1" number="13"/>
						<line hits="1" number="14"/>
						<line hits="1" number="20"/>
						<line hits="1" number="21"/>
						<line hits="1" number="24"/>
						<line branch="true" condition-coverage="50% (1/2)" hits="1" missing-branches="37" number="33"/>
						<line hits="1" number="34"/>
						<line hits="1" number="35"/>
						<line hits="1" number="37"/>
						<line branch="true" condition-coverage="100% (2/2)" hits="1" number="38"/>
						<line hits="1" number="39"/>
						<line hits="1" number="40"/>
					</lines>
				</class>
			</classes>
		</package>
	</packages>
</coverage>
